<?xml version="1.0" encoding="UTF-8"?>
<!-- Generated by org.testng.reporters.JUnitReportReporter -->
<testsuite hostname="DESKTOP-FT5CQ86" failures="0" tests="1" name="com.qa.demoshop.tests.LoginPageTest" time="16.231" errors="0" timestamp="2024-05-29T15:50:32 IST" skipped="0">
  <testcase classname="com.qa.demoshop.tests.LoginPageTest" name="loginToTheDemoShop" time="16.231"/>
</testsuite> <!-- com.qa.demoshop.tests.LoginPageTest -->
